2023-03-07 17:19:33.638  INFO 10420 --- [main] c.j.elk.ElkStackExampleApplication       : Starting ElkStackExampleApplication on Hikeon-Chethan with PID 10420 (/home/chethan/Documents/source code/spring/elk-stack-logging-example/target/classes started by chethan in /home/chethan/Documents/source code/spring/elk-stack-logging-example)
2023-03-07 17:19:33.641  INFO 10420 --- [main] c.j.elk.ElkStackExampleApplication       : No active profile set, falling back to default profiles: default
2023-03-07 17:19:34.520  INFO 10420 --- [main] o.s.b.w.embedded.tomcat.TomcatWebServer  : Tomcat initialized with port(s): 9898 (http)
2023-03-07 17:19:34.533  INFO 10420 --- [main] o.apache.catalina.core.StandardService   : Starting service [Tomcat]
2023-03-07 17:19:34.533  INFO 10420 --- [main] org.apache.catalina.core.StandardEngine  : Starting Servlet engine: [Apache Tomcat/9.0.33]
2023-03-07 17:19:34.600  INFO 10420 --- [main] o.a.c.c.C.[Tomcat].[localhost].[/]       : Initializing Spring embedded WebApplicationContext
2023-03-07 17:19:34.601  INFO 10420 --- [main] o.s.web.context.ContextLoader            : Root WebApplicationContext: initialization completed in 898 ms
2023-03-07 17:19:34.767  INFO 10420 --- [main] o.s.s.concurrent.ThreadPoolTaskExecutor  : Initializing ExecutorService 'applicationTaskExecutor'
2023-03-07 17:19:34.951  INFO 10420 --- [main] o.s.b.w.embedded.tomcat.TomcatWebServer  : Tomcat started on port(s): 9898 (http) with context path ''
2023-03-07 17:19:34.955  INFO 10420 --- [main] c.j.elk.ElkStackExampleApplication       : Started ElkStackExampleApplication in 1.673 seconds (JVM running for 2.065)
2023-03-07 17:20:21.942  INFO 10420 --- [http-nio-9898-exec-1] o.a.c.c.C.[Tomcat].[localhost].[/]       : Initializing Spring DispatcherServlet 'dispatcherServlet'
2023-03-07 17:20:21.943  INFO 10420 --- [http-nio-9898-exec-1] o.s.web.servlet.DispatcherServlet        : Initializing Servlet 'dispatcherServlet'
2023-03-07 17:20:21.949  INFO 10420 --- [http-nio-9898-exec-1] o.s.web.servlet.DispatcherServlet        : Completed initialization in 6 ms
2023-03-07 17:20:21.979  INFO 10420 --- [http-nio-9898-exec-1] c.j.elk.ElkStackExampleApplication       : user found : User [id=1, name=John]
2023-03-07 17:25:40.633  INFO 10420 --- [SpringContextShutdownHook] o.s.s.concurrent.ThreadPoolTaskExecutor  : Shutting down ExecutorService 'applicationTaskExecutor'
2023-03-07 17:25:52.396  INFO 14730 --- [main] c.j.elk.ElkStackExampleApplication       : Starting ElkStackExampleApplication on Hikeon-Chethan with PID 14730 (/home/chethan/Documents/source code/spring/elk-stack-logging-example/target/classes started by chethan in /home/chethan/Documents/source code/spring/elk-stack-logging-example)
2023-03-07 17:25:52.404  INFO 14730 --- [main] c.j.elk.ElkStackExampleApplication       : No active profile set, falling back to default profiles: default
2023-03-07 17:25:53.323  INFO 14730 --- [main] o.s.b.w.embedded.tomcat.TomcatWebServer  : Tomcat initialized with port(s): 9898 (http)
2023-03-07 17:25:53.336  INFO 14730 --- [main] o.apache.catalina.core.StandardService   : Starting service [Tomcat]
2023-03-07 17:25:53.336  INFO 14730 --- [main] org.apache.catalina.core.StandardEngine  : Starting Servlet engine: [Apache Tomcat/9.0.33]
2023-03-07 17:25:53.397  INFO 14730 --- [main] o.a.c.c.C.[Tomcat].[localhost].[/]       : Initializing Spring embedded WebApplicationContext
2023-03-07 17:25:53.397  INFO 14730 --- [main] o.s.web.context.ContextLoader            : Root WebApplicationContext: initialization completed in 931 ms
2023-03-07 17:25:53.551  INFO 14730 --- [main] o.s.s.concurrent.ThreadPoolTaskExecutor  : Initializing ExecutorService 'applicationTaskExecutor'
2023-03-07 17:25:53.720  INFO 14730 --- [main] o.s.b.w.embedded.tomcat.TomcatWebServer  : Tomcat started on port(s): 9898 (http) with context path ''
2023-03-07 17:25:53.724  INFO 14730 --- [main] c.j.elk.ElkStackExampleApplication       : Started ElkStackExampleApplication in 1.817 seconds (JVM running for 2.284)
2023-03-07 17:25:59.213  INFO 14730 --- [http-nio-9898-exec-1] o.a.c.c.C.[Tomcat].[localhost].[/]       : Initializing Spring DispatcherServlet 'dispatcherServlet'
2023-03-07 17:25:59.213  INFO 14730 --- [http-nio-9898-exec-1] o.s.web.servlet.DispatcherServlet        : Initializing Servlet 'dispatcherServlet'
2023-03-07 17:25:59.223  INFO 14730 --- [http-nio-9898-exec-1] o.s.web.servlet.DispatcherServlet        : Completed initialization in 9 ms
2023-03-07 17:25:59.262  INFO 14730 --- [http-nio-9898-exec-1] c.j.elk.ElkStackExampleApplication       : user found : User [id=1, name=John]
2023-03-07 17:26:08.065  INFO 14730 --- [http-nio-9898-exec-2] c.j.elk.ElkStackExampleApplication       : user found : User [id=3, name=Rony]
2023-03-07 17:26:16.476 ERROR 14730 --- [http-nio-9898-exec-3] c.j.elk.ElkStackExampleApplication       : User Not Found with ID : 21
2023-03-07 17:27:20.223  INFO 14730 --- [SpringContextShutdownHook] o.s.s.concurrent.ThreadPoolTaskExecutor  : Shutting down ExecutorService 'applicationTaskExecutor'
